        -:    0:Source:C:/Users/qawwa/CLionProjects/lab3/src/types/File.cpp
        -:    0:Graph:C:\Users\qawwa\CLionProjects\lab3\cmake-build-debug\src\CMakeFiles\lab3_lib.dir\types\File.cpp.gcno
        -:    0:Data:C:\Users\qawwa\CLionProjects\lab3\cmake-build-debug\src\CMakeFiles\lab3_lib.dir\types\File.cpp.gcda
        -:    0:Runs:1
        -:    1://
        -:    2:// Created by qawwa on 27.11.2024.
        -:    3://
        -:    4:
        -:    5:#include "File.h"
        -:    6:namespace SoundProcessor {
        -:    7:
function _ZNK14SoundProcessor4File18get_number_of_fileEv called 0 returned 0% blocks executed 0%
    #####:    8:    int File::get_number_of_file() const {
    #####:    9:        return number_of_file;
    %%%%%:    9-block  0
        -:   10:    }
        -:   11:
function _ZN14SoundProcessor4File8get_nameB5cxx11Ev called 0 returned 0% blocks executed 0%
    #####:   12:    std::string File::get_name() {
    %%%%%:   12-block  0
    #####:   13:        return "File";
    %%%%%:   13-block  0
call    0 never executed
branch  1 never executed (fallthrough)
branch  2 never executed (throw)
    %%%%%:   13-block  1
    %%%%%:   13-block  2
        -:   14:    }
        -:   15:
function _ZN14SoundProcessor4FileC2Ei called 1 returned 100% blocks executed 100%
        1:   16:    File::File(int number_of_file) : number_of_file(number_of_file) {}
        1:   16-block  0
call    0 returned 1
        -:   17:}
