        -:    0:Source:C:/Users/qawwa/CLionProjects/lab3/src/fileswork/FileManager.cpp
        -:    0:Graph:C:\Users\qawwa\CLionProjects\lab3\cmake-build-debug\src\CMakeFiles\lab3_lib.dir\fileswork\FileManager.cpp.gcno
        -:    0:Data:C:\Users\qawwa\CLionProjects\lab3\cmake-build-debug\src\CMakeFiles\lab3_lib.dir\fileswork\FileManager.cpp.gcda
        -:    0:Runs:1
        -:    1:#include "FileManager.h"
        -:    2:#include "string"
        -:    3:
        -:    4:namespace SoundProcessor {
function _ZN14SoundProcessor11FileManager11open_configERKNSt7__cxx1112basic_stringIcSt11char_traitsIcESaIcEEE called 1 returned 100% blocks executed 44%
        1:    5:    void FileManager::open_config(const std::string& name_of_config) {
        1:    6:        if (name_of_config.empty()) {
        1:    6-block  0
call    0 returned 1
branch  1 taken 0 (fallthrough)
branch  2 taken 1
    #####:    7:            throw std::runtime_error("NONE NAME_OF_CONFIG");
    %%%%%:    7-block  0
call    0 never executed
call    1 never executed
branch  2 never executed (fallthrough)
branch  3 never executed (throw)
    %%%%%:    7-block  1
call    4 never executed
    $$$$$:    7-block  2
call    5 never executed
        -:    8:        }
        1:    9:        config.open(name_of_config);
        1:    9-block  0
call    0 returned 1
        1:   10:        if (!config.is_open()) {
call    0 returned 1
branch  1 taken 0 (fallthrough)
branch  2 taken 1
    #####:   11:            throw std::runtime_error("CANT OPEN THE FILE");
    %%%%%:   11-block  0
call    0 never executed
call    1 never executed
branch  2 never executed (fallthrough)
branch  3 never executed (throw)
    %%%%%:   11-block  1
call    4 never executed
    $$$$$:   11-block  2
call    5 never executed
        -:   12:        }
        1:   13:    }
        1:   13-block  0
        -:   14:
function _ZN14SoundProcessor11FileManager10get_configEv called 19 returned 100% blocks executed 100%
       19:   15:    std::ifstream& FileManager::get_config() {
       19:   16:        return config;
       19:   16-block  0
        -:   17:    }
        -:   18:
function _ZN14SoundProcessor11FileManager11open_inputsERKSt6vectorINSt7__cxx1112basic_stringIcSt11char_traitsIcESaIcEEESaIS7_EE called 0 returned 0% blocks executed 0%
    #####:   19:    void FileManager::open_inputs(const std::vector<std::string>& names_of_input) {
    #####:   20:        for (int i=0; i!=names_of_input.size(); i++) {
    %%%%%:   20-block  0
    %%%%%:   20-block  1
    %%%%%:   20-block  2
call    0 never executed
branch  1 never executed
branch  2 never executed (fallthrough)
    #####:   21:            if (names_of_input[i].empty()) {
    %%%%%:   21-block  0
call    0 never executed
call    1 never executed
branch  2 never executed (fallthrough)
branch  3 never executed
    #####:   22:                throw std::runtime_error("NONE NAME_OF_CONFIG $" + std::to_string(i));
    %%%%%:   22-block  0
call    0 never executed
call    1 never executed
call    2 never executed
branch  3 never executed (fallthrough)
branch  4 never executed (throw)
    %%%%%:   22-block  1
call    5 never executed
branch  6 never executed (fallthrough)
branch  7 never executed (throw)
    %%%%%:   22-block  2
call    8 never executed
call    9 never executed
call   10 never executed
    $$$$$:   22-block  3
call   11 never executed
    $$$$$:   22-block  4
call   12 never executed
    $$$$$:   22-block  5
    $$$$$:   22-block  6
    $$$$$:   22-block  7
call   13 never executed
        -:   23:            }
    #####:   24:            inputs[i].open(names_of_input[i]);
    %%%%%:   24-block  0
call    0 never executed
call    1 never executed
call    2 never executed
    #####:   25:            if (!inputs[i].is_open()) {
call    0 never executed
call    1 never executed
branch  2 never executed (fallthrough)
branch  3 never executed
    #####:   26:                throw std::runtime_error("CANT OPEN THE FILE $" + std::to_string(i));
    %%%%%:   26-block  0
call    0 never executed
call    1 never executed
call    2 never executed
branch  3 never executed (fallthrough)
branch  4 never executed (throw)
    %%%%%:   26-block  1
call    5 never executed
branch  6 never executed (fallthrough)
branch  7 never executed (throw)
    %%%%%:   26-block  2
call    8 never executed
call    9 never executed
call   10 never executed
    $$$$$:   26-block  3
call   11 never executed
    $$$$$:   26-block  4
call   12 never executed
    $$$$$:   26-block  5
    $$$$$:   26-block  6
    $$$$$:   26-block  7
call   13 never executed
        -:   27:            }
        -:   28:        }
    #####:   29:    }
    %%%%%:   29-block  0
        -:   30:
function _ZN14SoundProcessor11FileManager15get_index_inputEi called 0 returned 0% blocks executed 0%
    #####:   31:    std::ifstream& FileManager::get_index_input(int index) {
    #####:   32:        return inputs[index];
    %%%%%:   32-block  0
call    0 never executed
        -:   33:    }
        -:   34:
function _ZN14SoundProcessor11FileManager11open_outputERKNSt7__cxx1112basic_stringIcSt11char_traitsIcESaIcEEE called 0 returned 0% blocks executed 0%
    #####:   35:    void FileManager::open_output(const std::string& name_of_output) {
    #####:   36:        if (name_of_output.empty()) {
    %%%%%:   36-block  0
call    0 never executed
branch  1 never executed (fallthrough)
branch  2 never executed
    #####:   37:            throw std::runtime_error("NONE NAME_OF_CONFIG");
    %%%%%:   37-block  0
call    0 never executed
call    1 never executed
branch  2 never executed (fallthrough)
branch  3 never executed (throw)
    %%%%%:   37-block  1
call    4 never executed
    $$$$$:   37-block  2
call    5 never executed
        -:   38:        }
    #####:   39:        output.open(name_of_output);
    %%%%%:   39-block  0
call    0 never executed
    #####:   40:        if (!output.is_open()) {
call    0 never executed
branch  1 never executed (fallthrough)
branch  2 never executed
    #####:   41:            throw std::runtime_error("CANT OPEN THE FILE");
    %%%%%:   41-block  0
call    0 never executed
call    1 never executed
branch  2 never executed (fallthrough)
branch  3 never executed (throw)
    %%%%%:   41-block  1
call    4 never executed
    $$$$$:   41-block  2
call    5 never executed
        -:   42:        }
    #####:   43:    }
    %%%%%:   43-block  0
        -:   44:
function _ZN14SoundProcessor11FileManager10get_outputEv called 0 returned 0% blocks executed 0%
    #####:   45:    std::ifstream& FileManager::get_output() {
    #####:   46:        return output;
    %%%%%:   46-block  0
        -:   47:    }
        -:   48:}
