        -:    0:Source:C:/Users/qawwa/CLionProjects/lab3/src/types/Times.cpp
        -:    0:Graph:C:\Users\qawwa\CLionProjects\lab3\cmake-build-debug\src\CMakeFiles\lab3_lib.dir\types\Times.cpp.gcno
        -:    0:Data:C:\Users\qawwa\CLionProjects\lab3\cmake-build-debug\src\CMakeFiles\lab3_lib.dir\types\Times.cpp.gcda
        -:    0:Runs:1
        -:    1://
        -:    2:// Created by qawwa on 28.11.2024.
        -:    3://
        -:    4:
        -:    5:#include "Times.h"
        -:    6:namespace SoundProcessor {
function _ZN14SoundProcessor5Times8get_nameB5cxx11Ev called 0 returned 0% blocks executed 0%
    #####:    7:    std::string Times::get_name() {
    %%%%%:    7-block  0
    #####:    8:        return "Time";
    %%%%%:    8-block  0
call    0 never executed
branch  1 never executed (fallthrough)
branch  2 never executed (throw)
    %%%%%:    8-block  1
    %%%%%:    8-block  2
        -:    9:    }
        -:   10:
function _ZNK14SoundProcessor5Times8get_timeEv called 0 returned 0% blocks executed 0%
    #####:   11:    int Times::get_time() const {
    #####:   12:        return seconds;
    %%%%%:   12-block  0
        -:   13:    }
        -:   14:
function _ZN14SoundProcessor5TimesC2Ei called 5 returned 100% blocks executed 100%
        5:   15:    Times::Times(int seconds) : seconds(seconds) {}
        5:   15-block  0
call    0 returned 5
        -:   16:}
