        -:    0:Source:C:/Users/qawwa/CLionProjects/lab2/src/Field.cpp
        -:    0:Graph:C:\Users\qawwa\CLionProjects\lab2\cmake-build-debug\src\CMakeFiles\lab2_run.dir\Field.cpp.gcno
        -:    0:Data:C:\Users\qawwa\CLionProjects\lab2\cmake-build-debug\src\CMakeFiles\lab2_run.dir\Field.cpp.gcda
        -:    0:Runs:1
        -:    1://
        -:    2:// Created by qawwa on 04.11.2024.
        -:    3://
        -:    4:#include "iostream"
        -:    5:#include "Field.h"
        -:    6:#include "Static.h"
        -:    7:
        -:    8:#define default_wdh 10
        -:    9:#define default_hgt 10
        -:   10:
        -:   11:namespace LifeGame {
        -:   12:
function _ZN8LifeGame5FieldC2Ev called 0 returned 0% blocks executed 0%
    #####:   13:    Field::Field() {
    %%%%%:   13-block  0
call    0 never executed
    #####:   14:        height=default_hgt;
    #####:   15:        width=default_wdh;
    #####:   16:    };
function _ZN8LifeGame5FieldD2Ev called 0 returned 0% blocks executed 0%
    #####:   17:    Field::~Field() = default;
    %%%%%:   17-block  0
call    0 never executed
        -:   18:
function _ZN8LifeGame5FieldC2Eii called 1 returned 100% blocks executed 90%
        1:   19:    Field::Field(int width, int height) {
        1:   19-block  0
call    0 returned 1
        1:   20:        this->width = width;
        1:   21:        this->height = height;
        -:   22:
        1:   23:        field.resize(height);
call    0 returned 1
branch  1 taken 1 (fallthrough)
branch  2 taken 0 (throw)
       11:   24:        for (int i = 0; i != height; i++) {
        1:   24-block  0
       10:   24-block  1
       11:   24-block  2
branch  0 taken 10
branch  1 taken 1 (fallthrough)
       10:   25:            field[i].resize(width);
       10:   25-block  0
call    0 returned 10
call    1 returned 10
branch  2 taken 10 (fallthrough)
branch  3 taken 0 (throw)
        -:   26:        }
        1:   27:    }
        1:   27-block  0
    $$$$$:   27-block  1
call    0 never executed
        -:   28:
function _ZN8LifeGame5Field11get_elementEii called 38818 returned 100% blocks executed 100%
    38818:   29:    Cell &Field::get_element(int y, int x) {
    38818:   30:        return field[y][x];
    38818:   30-block  0
call    0 returned 38818
call    1 returned 38818
        -:   31:    }
        -:   32:
function _ZN8LifeGame5Field8set_lifeEiib called 5 returned 100% blocks executed 100%
        5:   33:    void Field::set_life(int y, int x, bool to_set) {
        5:   34:        field[y][x].set_is_life(to_set);
        5:   34-block  0
call    0 returned 5
call    1 returned 5
call    2 returned 5
        5:   35:    }
        -:   36:
function _ZNK8LifeGame5Field8get_sizeEv called 43255 returned 100% blocks executed 70%
    43255:   37:    vector<int> Field::get_size() const {
    86510:   38:        vector<int> size = {width, height};
    43255:   38-block  0
    43255:   38-block  1
call    0 returned 43255
branch  1 taken 43255 (fallthrough)
branch  2 taken 0 (throw)
    $$$$$:   38-block  2
    43255:   39:        return size;
    43255:   39-block  0
    43255:   39-block  1
        -:   40:    }
        -:   41:
function _ZN8LifeGame5Field14zero_neighborsEv called 27 returned 100% blocks executed 100%
       27:   42:    void Field::zero_neighbors() {
      297:   43:        for (int y=0; y!=height; y++) {
       27:   43-block  0
      270:   43-block  1
      297:   43-block  2
branch  0 taken 270
branch  1 taken 27 (fallthrough)
     2970:   44:            for (int x=0; x!=width; x++) {
      270:   44-block  0
     2970:   44-block  1
branch  0 taken 2700
branch  1 taken 270 (fallthrough)
     2700:   45:                get_element(y, x).zero_neighbor();
     2700:   45-block  0
call    0 returned 2700
call    1 returned 2700
        -:   46:            }
        -:   47:        }
       27:   48:    }
        -:   49:
function _ZN8LifeGame5Field29recount_the_neighbors_for_oneEii called 2700 returned 100% blocks executed 83%
     2700:   50:    void Field::recount_the_neighbors_for_one(int y, int x) {
    10800:   51:        for (int i=-1; i!=2; i++) {
     2700:   51-block  0
     8100:   51-block  1
    10800:   51-block  2
branch  0 taken 8100
branch  1 taken 2700 (fallthrough)
    32400:   52:            for (int j=-1; j!=2; j++) {
     8100:   52-block  0
    24300:   52-block  1
    32400:   52-block  2
branch  0 taken 24300
branch  1 taken 8100 (fallthrough)
    24300:   53:                if (i==0&&j==0) {
    24300:   53-block  0
branch  0 taken 8100 (fallthrough)
branch  1 taken 16200
     8100:   53-block  1
branch  2 taken 2700 (fallthrough)
branch  3 taken 5400
     2700:   54:                    continue;
     2700:   54-block  0
        -:   55:                }
    21600:   56:                if (get_element(Static::count_the_true_index(y + i, get_size()[1]), Static::count_the_true_index(x + j, get_size()[0])).get_is_life() == 1) {
    21600:   56-block  0
call    0 returned 21600
branch  1 taken 21600 (fallthrough)
branch  2 taken 0 (throw)
    21600:   56-block  1
call    3 returned 21600
call    4 returned 21600
branch  5 taken 21600 (fallthrough)
branch  6 taken 0 (throw)
    21600:   56-block  2
call    7 returned 21600
branch  8 taken 21600 (fallthrough)
branch  9 taken 0 (throw)
    21600:   56-block  3
call   10 returned 21600
call   11 returned 21600
branch 12 taken 21600 (fallthrough)
branch 13 taken 0 (throw)
    21600:   56-block  4
call   14 returned 21600
call   15 returned 21600
branch 16 taken 21600 (fallthrough)
branch 17 taken 0 (throw)
    21600:   56-block  5
call   18 returned 21600
call   19 returned 21600
branch 20 taken 1080 (fallthrough)
branch 21 taken 20520
    $$$$$:   56-block  6
call   22 never executed
    $$$$$:   56-block  7
    $$$$$:   56-block  8
call   23 never executed
     1080:   57:                    get_element(y, x).add_the_neighbor();
     1080:   57-block  0
call    0 returned 1080
call    1 returned 1080
        -:   58:                }
        -:   59:            }
        -:   60:        }
     2700:   61:    }
     2700:   61-block  0
        -:   62:
function _ZN8LifeGame5Field29recount_the_neighbors_for_allEv called 27 returned 100% blocks executed 100%
       27:   63:    void Field::recount_the_neighbors_for_all() {
      297:   64:        for (int y=0; y!=height; y++) {
       27:   64-block  0
      270:   64-block  1
      297:   64-block  2
branch  0 taken 270
branch  1 taken 27 (fallthrough)
     2970:   65:            for (int x=0; x!=width; x++) {
      270:   65-block  0
     2970:   65-block  1
branch  0 taken 2700
branch  1 taken 270 (fallthrough)
     2700:   66:                recount_the_neighbors_for_one(y, x);
     2700:   66-block  0
call    0 returned 2700
        -:   67:            }
        -:   68:        }
       27:   69:    }
        -:   70:}
        -:   71:
        -:   72:
