        -:    0:Source:C:/Users/qawwa/CLionProjects/lab2/src/main.cpp
        -:    0:Graph:C:\Users\qawwa\CLionProjects\lab2\cmake-build-debug\src\CMakeFiles\lab2_run.dir\main.cpp.gcno
        -:    0:Data:C:\Users\qawwa\CLionProjects\lab2\cmake-build-debug\src\CMakeFiles\lab2_run.dir\main.cpp.gcda
        -:    0:Runs:1
        -:    1:#include "thread"
        -:    2:#include "iostream"
        -:    3:#include "Static.h"
        -:    4:#include "Game.h"
        -:    5:#include <csignal>
        -:    6:
        -:    7:using namespace LifeGame;
        -:    8:
        -:    9:Game the_game; // ИГРА
        -:   10:
function _Z13handle_siginti called 0 returned 0% blocks executed 0%
    #####:   11:void handle_sigint(int signal) {
    #####:   12:    the_game.exit_the_game();
    %%%%%:   12-block  0
call    0 never executed
    #####:   13:}
        -:   14:
function main called 1 returned 0% blocks executed 22%
        1:   15:int main(int argc, char** argv)
        -:   16:{
        -:   17:
        -:   18:
        -:   19:
        1:   20:    Static::clear_console();
        1:   20-block  0
call    0 returned 1
branch  1 taken 1 (fallthrough)
branch  2 taken 0 (throw)
        1:   21:    signal(SIGINT, handle_sigint);
        1:   21-block  0
call    0 returned 1
        -:   22:
        1:   23:    if (argc==2) {
branch  0 taken 0 (fallthrough)
branch  1 taken 1
    #####:   24:        the_game.read_the_file(argv[1]);
    %%%%%:   24-block  0
call    0 never executed
branch  1 never executed (fallthrough)
branch  2 never executed (throw)
    %%%%%:   24-block  1
call    3 never executed
branch  4 never executed (fallthrough)
branch  5 never executed (throw)
    %%%%%:   24-block  2
call    6 never executed
    %%%%%:   24-block  3
    $$$$$:   24-block  4
call    7 never executed
    $$$$$:   24-block  5
    $$$$$:   24-block  6
        -:   25:    }
        1:   26:    else if (argc==1) {
        1:   26-block  0
branch  0 taken 1 (fallthrough)
branch  1 taken 0
        2:   27:        the_game.read_the_file("");
        1:   27-block  0
call    0 returned 1
branch  1 taken 1 (fallthrough)
branch  2 taken 0 (throw)
        1:   27-block  1
call    3 returned 1
branch  4 taken 1 (fallthrough)
branch  5 taken 0 (throw)
        1:   27-block  2
call    6 returned 1
        1:   27-block  3
    $$$$$:   27-block  4
call    7 never executed
    $$$$$:   27-block  5
    $$$$$:   27-block  6
        -:   28:    }
        -:   29:    else {
    #####:   30:        the_game.read_the_file(argv[1]);
    %%%%%:   30-block  0
call    0 never executed
branch  1 never executed (fallthrough)
branch  2 never executed (throw)
    %%%%%:   30-block  1
call    3 never executed
branch  4 never executed (fallthrough)
branch  5 never executed (throw)
    %%%%%:   30-block  2
call    6 never executed
    $$$$$:   30-block  3
call    7 never executed
    $$$$$:   30-block  4
    $$$$$:   30-block  5
    #####:   31:        vector<string> args = Static::parse_args(argc, argv);
    %%%%%:   31-block  0
call    0 never executed
branch  1 never executed (fallthrough)
branch  2 never executed (throw)
    #####:   32:        the_game.run_offline(stoi(args[0]), args[1]);
    %%%%%:   32-block  0
call    0 never executed
call    1 never executed
call    2 never executed
branch  3 never executed (fallthrough)
branch  4 never executed (throw)
    %%%%%:   32-block  1
call    5 never executed
branch  6 never executed (fallthrough)
branch  7 never executed (throw)
    #####:   33:        return 0;
    #####:   34:    }
    %%%%%:   34-block  0
call    0 never executed
    $$$$$:   34-block  1
call    1 never executed
        -:   35:
        1:   36:    std::thread thread1 = thread(&Game::game_input, &the_game);
        1:   36-block  0
call    0 returned 1
branch  1 taken 1 (fallthrough)
branch  2 taken 0 (throw)
    $$$$$:   36-block  1
    $$$$$:   36-block  2
        1:   37:    std::thread thread2 = thread(&Game::run_the_game, &the_game);
        1:   37-block  0
call    0 returned 1
branch  1 taken 1 (fallthrough)
branch  2 taken 0 (throw)
    $$$$$:   37-block  1
    $$$$$:   37-block  2
        -:   38:
        1:   39:    thread1.join();
        1:   39-block  0
call    0 returned 0
branch  1 taken 0 (fallthrough)
branch  2 taken 0 (throw)
    #####:   40:    thread2.join();
    %%%%%:   40-block  0
call    0 never executed
branch  1 never executed (fallthrough)
branch  2 never executed (throw)
        -:   41:
    #####:   42:    return 0;
    #####:   43:}
    %%%%%:   43-block  0
call    0 never executed
call    1 never executed
    $$$$$:   43-block  1
call    2 never executed
    $$$$$:   43-block  2
call    3 never executed
